<?xml version="1.0" encoding="UTF-8"?>
<!-- Generated by org.testng.reporters.JUnitReportReporter -->
<testsuite hostname="LTIN391158" failures="0" tests="3" name="com.crm.qa.testcases.LoginPageTest" time="55.349" errors="0" timestamp="2024-06-13T14:17:36 IST" skipped="0">
  <testcase classname="com.crm.qa.testcases.LoginPageTest" name="loginPageTitleTest" time="19.381"/>
  <testcase classname="com.crm.qa.testcases.LoginPageTest" name="crmLogoImageTest" time="15.385"/>
  <testcase classname="com.crm.qa.testcases.LoginPageTest" name="loginTest" time="20.583"/>
</testsuite> <!-- com.crm.qa.testcases.LoginPageTest -->
