<?xml version="1.0" encoding="UTF-8"?>
<!-- Generated by org.testng.reporters.JUnitReportReporter -->
<testsuite hostname="LTIN391158" failures="0" tests="3" name="com.crm.qa.testcases.HomePageTest" time="70.535" errors="0" timestamp="2024-06-13T14:17:36 IST" skipped="0">
  <testcase classname="com.crm.qa.testcases.HomePageTest" name="verifyHomePageTitleTest" time="22.542"/>
  <testcase classname="com.crm.qa.testcases.HomePageTest" name="verifyUserNameTest" time="22.805"/>
  <testcase classname="com.crm.qa.testcases.HomePageTest" name="verfiyContactsLink" time="25.188"/>
</testsuite> <!-- com.crm.qa.testcases.HomePageTest -->
