<?xml version="1.0" encoding="UTF-8"?>
<!-- Generated by org.testng.reporters.JUnitReportReporter -->
<testsuite hostname="LTIN391158" failures="0" tests="3"
	name="com.crm.qa.testcases.LoginPageTest" time="50.212" errors="0"
	timestamp="2024-05-31T18:55:33 IST" skipped="0">
	<testcase classname="com.crm.qa.testcases.LoginPageTest"
		name="loginPageTitleTest" time="12.686" />
	<testcase classname="com.crm.qa.testcases.LoginPageTest"
		name="crmLogoImageTest" time="19.472" />
	<testcase classname="com.crm.qa.testcases.LoginPageTest" name="loginTest"
		time="18.054" />
</testsuite> <!-- com.crm.qa.testcases.LoginPageTest -->
